<?xml version="1.0" encoding="utf-8"?><testsuites name="pytest tests"><testsuite name="pytest" errors="0" failures="0" skipped="0" tests="7" time="21.676" timestamp="2026-05-13T11:10:18.875334+00:00" hostname="agent-env-4b7c2525-81d5-4e0d-bc86-831ff5e71139"><testcase classname="backend.tests.test_api" name="test_health" time="0.198" /><testcase classname="backend.tests.test_api" name="test_root" time="0.046" /><testcase classname="backend.tests.test_api" name="test_generate_problem[word-easy]" time="4.094" /><testcase classname="backend.tests.test_api" name="test_generate_problem[add-easy]" time="3.911" /><testcase classname="backend.tests.test_api" name="test_generate_problem[subtract-medium]" time="4.667" /><testcase classname="backend.tests.test_api" name="test_generate_problem[compare-hard]" time="4.964" /><testcase classname="backend.tests.test_api" name="test_generate_defaults" time="3.604" /></testsuite></testsuites>